2021-09-22 12:02:04.389  INFO 32944 --- [main] sapient.demo.CalculatorDemoApplication   : Starting CalculatorDemoApplication using Java 15.0.2 on DESKTOP-S2F3DST with PID 32944 (C:\Users\DDELL\Documents\workspace-spring-tool-suite-4-4.10.0.RELEASE\calculatordemosapient\target\classes started by DDELL in C:\Users\DDELL\Documents\workspace-spring-tool-suite-4-4.10.0.RELEASE\calculatordemosapient)
2021-09-22 12:02:04.402  INFO 32944 --- [main] sapient.demo.CalculatorDemoApplication   : No active profile set, falling back to default profiles: default
2021-09-22 12:02:17.451  INFO 13280 --- [main] sapient.demo.CalculatorDemoApplication   : Starting CalculatorDemoApplication using Java 15.0.2 on DESKTOP-S2F3DST with PID 13280 (C:\Users\DDELL\Documents\workspace-spring-tool-suite-4-4.10.0.RELEASE\calculatordemosapient\target\classes started by DDELL in C:\Users\DDELL\Documents\workspace-spring-tool-suite-4-4.10.0.RELEASE\calculatordemosapient)
2021-09-22 12:02:17.457  INFO 13280 --- [main] sapient.demo.CalculatorDemoApplication   : No active profile set, falling back to default profiles: default
2021-09-22 12:02:18.723  INFO 13280 --- [main] .s.d.r.c.RepositoryConfigurationDelegate : Bootstrapping Spring Data JPA repositories in DEFAULT mode.
2021-09-22 12:02:18.830  INFO 13280 --- [main] .s.d.r.c.RepositoryConfigurationDelegate : Finished Spring Data repository scanning in 92 ms. Found 1 JPA repository interfaces.
2021-09-22 12:02:19.930  INFO 13280 --- [main] o.s.b.w.embedded.tomcat.TomcatWebServer  : Tomcat initialized with port(s): 8092 (http)
2021-09-22 12:02:19.961  INFO 13280 --- [main] o.apache.catalina.core.StandardService   : Starting service [Tomcat]
2021-09-22 12:02:19.964  INFO 13280 --- [main] org.apache.catalina.core.StandardEngine  : Starting Servlet engine: [Apache Tomcat/9.0.52]
2021-09-22 12:02:20.286  INFO 13280 --- [main] o.a.c.c.C.[Tomcat].[localhost].[/]       : Initializing Spring embedded WebApplicationContext
2021-09-22 12:02:20.287  INFO 13280 --- [main] w.s.c.ServletWebServerApplicationContext : Root WebApplicationContext: initialization completed in 2745 ms
2021-09-22 12:02:20.457  INFO 13280 --- [main] com.zaxxer.hikari.HikariDataSource       : HikariPool-1 - Starting...
2021-09-22 12:02:20.971  INFO 13280 --- [main] com.zaxxer.hikari.HikariDataSource       : HikariPool-1 - Start completed.
2021-09-22 12:02:20.980  INFO 13280 --- [main] o.s.b.a.h2.H2ConsoleAutoConfiguration    : H2 console available at '/h2-console'. Database available at 'jdbc:h2:mem:testdb/springsecuritydemo?useSSL=false'
2021-09-22 12:02:21.411  INFO 13280 --- [main] o.hibernate.jpa.internal.util.LogHelper  : HHH000204: Processing PersistenceUnitInfo [name: default]
2021-09-22 12:02:21.565  INFO 13280 --- [main] org.hibernate.Version                    : HHH000412: Hibernate ORM core version 5.4.32.Final
2021-09-22 12:02:22.198  INFO 13280 --- [main] o.hibernate.annotations.common.Version   : HCANN000001: Hibernate Commons Annotations {5.1.2.Final}
2021-09-22 12:02:22.668  INFO 13280 --- [main] org.hibernate.dialect.Dialect            : HHH000400: Using dialect: org.hibernate.dialect.H2Dialect
2021-09-22 12:02:23.987  INFO 13280 --- [main] o.h.e.t.j.p.i.JtaPlatformInitiator       : HHH000490: Using JtaPlatform implementation: [org.hibernate.engine.transaction.jta.platform.internal.NoJtaPlatform]
2021-09-22 12:02:24.005  INFO 13280 --- [main] j.LocalContainerEntityManagerFactoryBean : Initialized JPA EntityManagerFactory for persistence unit 'default'
2021-09-22 12:02:24.473  WARN 13280 --- [main] JpaBaseConfiguration$JpaWebConfiguration : spring.jpa.open-in-view is enabled by default. Therefore, database queries may be performed during view rendering. Explicitly configure spring.jpa.open-in-view to disable this warning
2021-09-22 12:02:25.064  INFO 13280 --- [main] o.s.b.w.embedded.tomcat.TomcatWebServer  : Tomcat started on port(s): 8092 (http) with context path ''
2021-09-22 12:02:25.077  INFO 13280 --- [main] sapient.demo.CalculatorDemoApplication   : Started CalculatorDemoApplication in 8.269 seconds (JVM running for 9.413)
2021-09-22 13:35:42.676  INFO 34036 --- [main] sapient.demo.CalculatorDemoApplication   : Starting CalculatorDemoApplication using Java 15.0.2 on DESKTOP-S2F3DST with PID 34036 (C:\Users\DDELL\Documents\workspace-spring-tool-suite-4-4.10.0.RELEASE\calculatordemosapient\target\classes started by DDELL in C:\Users\DDELL\Documents\workspace-spring-tool-suite-4-4.10.0.RELEASE\calculatordemosapient)
2021-09-22 13:35:42.683  INFO 34036 --- [main] sapient.demo.CalculatorDemoApplication   : No active profile set, falling back to default profiles: default
2021-09-22 13:35:43.834  INFO 34036 --- [main] .s.d.r.c.RepositoryConfigurationDelegate : Bootstrapping Spring Data JPA repositories in DEFAULT mode.
2021-09-22 13:35:43.940  INFO 34036 --- [main] .s.d.r.c.RepositoryConfigurationDelegate : Finished Spring Data repository scanning in 91 ms. Found 1 JPA repository interfaces.
2021-09-22 13:35:44.762  INFO 34036 --- [main] o.s.b.w.embedded.tomcat.TomcatWebServer  : Tomcat initialized with port(s): 8092 (http)
2021-09-22 13:35:44.779  INFO 34036 --- [main] o.apache.catalina.core.StandardService   : Starting service [Tomcat]
2021-09-22 13:35:44.780  INFO 34036 --- [main] org.apache.catalina.core.StandardEngine  : Starting Servlet engine: [Apache Tomcat/9.0.52]
2021-09-22 13:35:45.025  INFO 34036 --- [main] o.a.c.c.C.[Tomcat].[localhost].[/]       : Initializing Spring embedded WebApplicationContext
2021-09-22 13:35:45.027  INFO 34036 --- [main] w.s.c.ServletWebServerApplicationContext : Root WebApplicationContext: initialization completed in 2241 ms
2021-09-22 13:35:45.074  INFO 34036 --- [main] com.zaxxer.hikari.HikariDataSource       : HikariPool-1 - Starting...
2021-09-22 13:35:45.428  INFO 34036 --- [main] com.zaxxer.hikari.HikariDataSource       : HikariPool-1 - Start completed.
2021-09-22 13:35:45.442  INFO 34036 --- [main] o.s.b.a.h2.H2ConsoleAutoConfiguration    : H2 console available at '/h2-console'. Database available at 'jdbc:h2:mem:testdb/springsecuritydemo?useSSL=false'
2021-09-22 13:35:45.698  INFO 34036 --- [main] o.hibernate.jpa.internal.util.LogHelper  : HHH000204: Processing PersistenceUnitInfo [name: default]
2021-09-22 13:35:45.798  INFO 34036 --- [main] org.hibernate.Version                    : HHH000412: Hibernate ORM core version 5.4.32.Final
2021-09-22 13:35:46.065  INFO 34036 --- [main] o.hibernate.annotations.common.Version   : HCANN000001: Hibernate Commons Annotations {5.1.2.Final}
2021-09-22 13:35:46.311  INFO 34036 --- [main] org.hibernate.dialect.Dialect            : HHH000400: Using dialect: org.hibernate.dialect.H2Dialect
2021-09-22 13:35:47.292  INFO 34036 --- [main] o.h.e.t.j.p.i.JtaPlatformInitiator       : HHH000490: Using JtaPlatform implementation: [org.hibernate.engine.transaction.jta.platform.internal.NoJtaPlatform]
2021-09-22 13:35:47.305  INFO 34036 --- [main] j.LocalContainerEntityManagerFactoryBean : Initialized JPA EntityManagerFactory for persistence unit 'default'
2021-09-22 13:35:47.728  WARN 34036 --- [main] JpaBaseConfiguration$JpaWebConfiguration : spring.jpa.open-in-view is enabled by default. Therefore, database queries may be performed during view rendering. Explicitly configure spring.jpa.open-in-view to disable this warning
2021-09-22 13:35:48.394  WARN 34036 --- [main] ConfigServletWebServerApplicationContext : Exception encountered during context initialization - cancelling refresh attempt: org.springframework.context.ApplicationContextException: Failed to start bean 'webServerStartStop'; nested exception is org.springframework.boot.web.server.PortInUseException: Port 8092 is already in use
2021-09-22 13:35:48.397  INFO 34036 --- [main] j.LocalContainerEntityManagerFactoryBean : Closing JPA EntityManagerFactory for persistence unit 'default'
2021-09-22 13:35:48.400  INFO 34036 --- [main] com.zaxxer.hikari.HikariDataSource       : HikariPool-1 - Shutdown initiated...
2021-09-22 13:35:48.407  INFO 34036 --- [main] com.zaxxer.hikari.HikariDataSource       : HikariPool-1 - Shutdown completed.
2021-09-22 13:35:48.410  INFO 34036 --- [main] o.apache.catalina.core.StandardService   : Stopping service [Tomcat]
2021-09-22 13:35:48.428  INFO 34036 --- [main] ConditionEvaluationReportLoggingListener : 

Error starting ApplicationContext. To display the conditions report re-run your application with 'debug' enabled.
2021-09-22 13:35:48.542 ERROR 34036 --- [main] o.s.b.d.LoggingFailureAnalysisReporter   : 

***************************
APPLICATION FAILED TO START
***************************

Description:

Web server failed to start. Port 8092 was already in use.

Action:

Identify and stop the process that's listening on port 8092 or configure this application to listen on another port.

2021-09-22 13:35:53.159  INFO 13280 --- [RMI TCP Connection(97)-127.0.0.1] inMXBeanRegistrar$SpringApplicationAdmin : Application shutdown requested.
2021-09-22 13:35:53.467  INFO 13280 --- [RMI TCP Connection(97)-127.0.0.1] j.LocalContainerEntityManagerFactoryBean : Closing JPA EntityManagerFactory for persistence unit 'default'
2021-09-22 13:35:53.535  INFO 13280 --- [RMI TCP Connection(97)-127.0.0.1] com.zaxxer.hikari.HikariDataSource       : HikariPool-1 - Shutdown initiated...
2021-09-22 13:35:53.544  INFO 13280 --- [RMI TCP Connection(97)-127.0.0.1] com.zaxxer.hikari.HikariDataSource       : HikariPool-1 - Shutdown completed.
2021-09-22 13:36:06.025  INFO 4252 --- [main] sapient.demo.CalculatorDemoApplication   : Starting CalculatorDemoApplication using Java 15.0.2 on DESKTOP-S2F3DST with PID 4252 (C:\Users\DDELL\Documents\workspace-spring-tool-suite-4-4.10.0.RELEASE\calculatordemosapient\target\classes started by DDELL in C:\Users\DDELL\Documents\workspace-spring-tool-suite-4-4.10.0.RELEASE\calculatordemosapient)
2021-09-22 13:36:06.031  INFO 4252 --- [main] sapient.demo.CalculatorDemoApplication   : No active profile set, falling back to default profiles: default
2021-09-22 13:36:07.188  INFO 4252 --- [main] .s.d.r.c.RepositoryConfigurationDelegate : Bootstrapping Spring Data JPA repositories in DEFAULT mode.
2021-09-22 13:36:07.282  INFO 4252 --- [main] .s.d.r.c.RepositoryConfigurationDelegate : Finished Spring Data repository scanning in 77 ms. Found 1 JPA repository interfaces.
2021-09-22 13:36:08.087  INFO 4252 --- [main] o.s.b.w.embedded.tomcat.TomcatWebServer  : Tomcat initialized with port(s): 8092 (http)
2021-09-22 13:36:08.103  INFO 4252 --- [main] o.apache.catalina.core.StandardService   : Starting service [Tomcat]
2021-09-22 13:36:08.104  INFO 4252 --- [main] org.apache.catalina.core.StandardEngine  : Starting Servlet engine: [Apache Tomcat/9.0.52]
2021-09-22 13:36:08.321  INFO 4252 --- [main] o.a.c.c.C.[Tomcat].[localhost].[/]       : Initializing Spring embedded WebApplicationContext
2021-09-22 13:36:08.321  INFO 4252 --- [main] w.s.c.ServletWebServerApplicationContext : Root WebApplicationContext: initialization completed in 2188 ms
2021-09-22 13:36:08.371  INFO 4252 --- [main] com.zaxxer.hikari.HikariDataSource       : HikariPool-1 - Starting...
2021-09-22 13:36:08.719  INFO 4252 --- [main] com.zaxxer.hikari.HikariDataSource       : HikariPool-1 - Start completed.
2021-09-22 13:36:08.730  INFO 4252 --- [main] o.s.b.a.h2.H2ConsoleAutoConfiguration    : H2 console available at '/h2-console'. Database available at 'jdbc:h2:mem:testdb/springsecuritydemo?useSSL=false'
2021-09-22 13:36:09.006  INFO 4252 --- [main] o.hibernate.jpa.internal.util.LogHelper  : HHH000204: Processing PersistenceUnitInfo [name: default]
2021-09-22 13:36:09.103  INFO 4252 --- [main] org.hibernate.Version                    : HHH000412: Hibernate ORM core version 5.4.32.Final
2021-09-22 13:36:09.390  INFO 4252 --- [main] o.hibernate.annotations.common.Version   : HCANN000001: Hibernate Commons Annotations {5.1.2.Final}
2021-09-22 13:36:09.651  INFO 4252 --- [main] org.hibernate.dialect.Dialect            : HHH000400: Using dialect: org.hibernate.dialect.H2Dialect
2021-09-22 13:36:10.781  INFO 4252 --- [main] o.h.e.t.j.p.i.JtaPlatformInitiator       : HHH000490: Using JtaPlatform implementation: [org.hibernate.engine.transaction.jta.platform.internal.NoJtaPlatform]
2021-09-22 13:36:10.798  INFO 4252 --- [main] j.LocalContainerEntityManagerFactoryBean : Initialized JPA EntityManagerFactory for persistence unit 'default'
2021-09-22 13:36:11.225  WARN 4252 --- [main] JpaBaseConfiguration$JpaWebConfiguration : spring.jpa.open-in-view is enabled by default. Therefore, database queries may be performed during view rendering. Explicitly configure spring.jpa.open-in-view to disable this warning
2021-09-22 13:36:11.808  INFO 4252 --- [main] o.s.b.w.embedded.tomcat.TomcatWebServer  : Tomcat started on port(s): 8092 (http) with context path ''
2021-09-22 13:36:11.819  INFO 4252 --- [main] sapient.demo.CalculatorDemoApplication   : Started CalculatorDemoApplication in 6.668 seconds (JVM running for 7.981)
2021-09-22 13:36:34.485  INFO 19528 --- [main] sapient.demo.CalculatorDemoApplication   : Starting CalculatorDemoApplication using Java 15.0.2 on DESKTOP-S2F3DST with PID 19528 (C:\Users\DDELL\Documents\workspace-spring-tool-suite-4-4.10.0.RELEASE\calculatordemosapient\target\classes started by DDELL in C:\Users\DDELL\Documents\workspace-spring-tool-suite-4-4.10.0.RELEASE\calculatordemosapient)
2021-09-22 13:36:34.490  INFO 19528 --- [main] sapient.demo.CalculatorDemoApplication   : No active profile set, falling back to default profiles: default
2021-09-22 13:36:35.740  INFO 19528 --- [main] .s.d.r.c.RepositoryConfigurationDelegate : Bootstrapping Spring Data JPA repositories in DEFAULT mode.
2021-09-22 13:36:35.833  INFO 19528 --- [main] .s.d.r.c.RepositoryConfigurationDelegate : Finished Spring Data repository scanning in 79 ms. Found 1 JPA repository interfaces.
2021-09-22 13:36:36.801  INFO 19528 --- [main] o.s.b.w.embedded.tomcat.TomcatWebServer  : Tomcat initialized with port(s): 8092 (http)
2021-09-22 13:36:36.820  INFO 19528 --- [main] o.apache.catalina.core.StandardService   : Starting service [Tomcat]
2021-09-22 13:36:36.821  INFO 19528 --- [main] org.apache.catalina.core.StandardEngine  : Starting Servlet engine: [Apache Tomcat/9.0.52]
2021-09-22 13:36:37.081  INFO 19528 --- [main] o.a.c.c.C.[Tomcat].[localhost].[/]       : Initializing Spring embedded WebApplicationContext
2021-09-22 13:36:37.082  INFO 19528 --- [main] w.s.c.ServletWebServerApplicationContext : Root WebApplicationContext: initialization completed in 2478 ms
2021-09-22 13:36:37.134  INFO 19528 --- [main] com.zaxxer.hikari.HikariDataSource       : HikariPool-1 - Starting...
2021-09-22 13:36:37.532  INFO 19528 --- [main] com.zaxxer.hikari.HikariDataSource       : HikariPool-1 - Start completed.
2021-09-22 13:36:37.545  INFO 19528 --- [main] o.s.b.a.h2.H2ConsoleAutoConfiguration    : H2 console available at '/h2-console'. Database available at 'jdbc:h2:mem:testdb/springsecuritydemo?useSSL=false'
2021-09-22 13:36:37.808  INFO 19528 --- [main] o.hibernate.jpa.internal.util.LogHelper  : HHH000204: Processing PersistenceUnitInfo [name: default]
2021-09-22 13:36:37.906  INFO 19528 --- [main] org.hibernate.Version                    : HHH000412: Hibernate ORM core version 5.4.32.Final
2021-09-22 13:36:38.187  INFO 19528 --- [main] o.hibernate.annotations.common.Version   : HCANN000001: Hibernate Commons Annotations {5.1.2.Final}
2021-09-22 13:36:38.449  INFO 19528 --- [main] org.hibernate.dialect.Dialect            : HHH000400: Using dialect: org.hibernate.dialect.H2Dialect
2021-09-22 13:36:39.487  INFO 19528 --- [main] o.h.e.t.j.p.i.JtaPlatformInitiator       : HHH000490: Using JtaPlatform implementation: [org.hibernate.engine.transaction.jta.platform.internal.NoJtaPlatform]
2021-09-22 13:36:39.512  INFO 19528 --- [main] j.LocalContainerEntityManagerFactoryBean : Initialized JPA EntityManagerFactory for persistence unit 'default'
2021-09-22 13:36:40.055  WARN 19528 --- [main] JpaBaseConfiguration$JpaWebConfiguration : spring.jpa.open-in-view is enabled by default. Therefore, database queries may be performed during view rendering. Explicitly configure spring.jpa.open-in-view to disable this warning
2021-09-22 13:36:40.625  WARN 19528 --- [main] ConfigServletWebServerApplicationContext : Exception encountered during context initialization - cancelling refresh attempt: org.springframework.context.ApplicationContextException: Failed to start bean 'webServerStartStop'; nested exception is org.springframework.boot.web.server.PortInUseException: Port 8092 is already in use
2021-09-22 13:36:40.629  INFO 19528 --- [main] j.LocalContainerEntityManagerFactoryBean : Closing JPA EntityManagerFactory for persistence unit 'default'
2021-09-22 13:36:40.634  INFO 19528 --- [main] com.zaxxer.hikari.HikariDataSource       : HikariPool-1 - Shutdown initiated...
2021-09-22 13:36:40.639  INFO 19528 --- [main] com.zaxxer.hikari.HikariDataSource       : HikariPool-1 - Shutdown completed.
2021-09-22 13:36:40.644  INFO 19528 --- [main] o.apache.catalina.core.StandardService   : Stopping service [Tomcat]
2021-09-22 13:36:40.662  INFO 19528 --- [main] ConditionEvaluationReportLoggingListener : 

Error starting ApplicationContext. To display the conditions report re-run your application with 'debug' enabled.
2021-09-22 13:36:40.690 ERROR 19528 --- [main] o.s.b.d.LoggingFailureAnalysisReporter   : 

***************************
APPLICATION FAILED TO START
***************************

Description:

Web server failed to start. Port 8092 was already in use.

Action:

Identify and stop the process that's listening on port 8092 or configure this application to listen on another port.

2021-09-22 13:36:45.219  INFO 4252 --- [RMI TCP Connection(2)-127.0.0.1] inMXBeanRegistrar$SpringApplicationAdmin : Application shutdown requested.
2021-09-22 13:36:45.265  INFO 4252 --- [RMI TCP Connection(2)-127.0.0.1] j.LocalContainerEntityManagerFactoryBean : Closing JPA EntityManagerFactory for persistence unit 'default'
2021-09-22 13:36:45.268  INFO 4252 --- [RMI TCP Connection(2)-127.0.0.1] com.zaxxer.hikari.HikariDataSource       : HikariPool-1 - Shutdown initiated...
2021-09-22 13:36:45.272  INFO 4252 --- [RMI TCP Connection(2)-127.0.0.1] com.zaxxer.hikari.HikariDataSource       : HikariPool-1 - Shutdown completed.
2021-09-22 13:36:57.707  INFO 6880 --- [main] sapient.demo.CalculatorDemoApplication   : Starting CalculatorDemoApplication using Java 15.0.2 on DESKTOP-S2F3DST with PID 6880 (C:\Users\DDELL\Documents\workspace-spring-tool-suite-4-4.10.0.RELEASE\calculatordemosapient\target\classes started by DDELL in C:\Users\DDELL\Documents\workspace-spring-tool-suite-4-4.10.0.RELEASE\calculatordemosapient)
2021-09-22 13:36:57.712  INFO 6880 --- [main] sapient.demo.CalculatorDemoApplication   : No active profile set, falling back to default profiles: default
2021-09-22 13:36:59.102  INFO 6880 --- [main] .s.d.r.c.RepositoryConfigurationDelegate : Bootstrapping Spring Data JPA repositories in DEFAULT mode.
2021-09-22 13:36:59.217  INFO 6880 --- [main] .s.d.r.c.RepositoryConfigurationDelegate : Finished Spring Data repository scanning in 96 ms. Found 1 JPA repository interfaces.
2021-09-22 13:37:00.288  INFO 6880 --- [main] o.s.b.w.embedded.tomcat.TomcatWebServer  : Tomcat initialized with port(s): 8092 (http)
2021-09-22 13:37:00.304  INFO 6880 --- [main] o.apache.catalina.core.StandardService   : Starting service [Tomcat]
2021-09-22 13:37:00.305  INFO 6880 --- [main] org.apache.catalina.core.StandardEngine  : Starting Servlet engine: [Apache Tomcat/9.0.52]
2021-09-22 13:37:00.545  INFO 6880 --- [main] o.a.c.c.C.[Tomcat].[localhost].[/]       : Initializing Spring embedded WebApplicationContext
2021-09-22 13:37:00.546  INFO 6880 --- [main] w.s.c.ServletWebServerApplicationContext : Root WebApplicationContext: initialization completed in 2740 ms
2021-09-22 13:37:00.590  INFO 6880 --- [main] com.zaxxer.hikari.HikariDataSource       : HikariPool-1 - Starting...
2021-09-22 13:37:00.937  INFO 6880 --- [main] com.zaxxer.hikari.HikariDataSource       : HikariPool-1 - Start completed.
2021-09-22 13:37:00.948  INFO 6880 --- [main] o.s.b.a.h2.H2ConsoleAutoConfiguration    : H2 console available at '/h2-console'. Database available at 'jdbc:h2:mem:testdb/springsecuritydemo?useSSL=false'
2021-09-22 13:37:01.269  INFO 6880 --- [main] o.hibernate.jpa.internal.util.LogHelper  : HHH000204: Processing PersistenceUnitInfo [name: default]
2021-09-22 13:37:01.406  INFO 6880 --- [main] org.hibernate.Version                    : HHH000412: Hibernate ORM core version 5.4.32.Final
2021-09-22 13:37:01.782  INFO 6880 --- [main] o.hibernate.annotations.common.Version   : HCANN000001: Hibernate Commons Annotations {5.1.2.Final}
2021-09-22 13:37:02.131  INFO 6880 --- [main] org.hibernate.dialect.Dialect            : HHH000400: Using dialect: org.hibernate.dialect.H2Dialect
2021-09-22 13:37:03.336  INFO 6880 --- [main] o.h.e.t.j.p.i.JtaPlatformInitiator       : HHH000490: Using JtaPlatform implementation: [org.hibernate.engine.transaction.jta.platform.internal.NoJtaPlatform]
2021-09-22 13:37:03.359  INFO 6880 --- [main] j.LocalContainerEntityManagerFactoryBean : Initialized JPA EntityManagerFactory for persistence unit 'default'
2021-09-22 13:37:03.791  WARN 6880 --- [main] JpaBaseConfiguration$JpaWebConfiguration : spring.jpa.open-in-view is enabled by default. Therefore, database queries may be performed during view rendering. Explicitly configure spring.jpa.open-in-view to disable this warning
2021-09-22 13:37:04.390  INFO 6880 --- [main] o.s.b.w.embedded.tomcat.TomcatWebServer  : Tomcat started on port(s): 8092 (http) with context path ''
2021-09-22 13:37:04.405  INFO 6880 --- [main] sapient.demo.CalculatorDemoApplication   : Started CalculatorDemoApplication in 7.58 seconds (JVM running for 8.888)
